<?xml version="1.0" encoding="UTF-8"?>
<!-- Generated by org.testng.reporters.JUnitReportReporter -->
<testsuite skipped="0" hostname="LAPTOP-D0CIFDTL" name="readImage.ReadImageType1" tests="1" failures="0" timestamp="2022-10-23T12:14:39 IST" time="1.692" errors="0">
  <testcase name="f" time="1.692" classname="readImage.ReadImageType1"/>
  <system-out/>
</testsuite> <!-- readImage.ReadImageType1 -->
